0 info it worked if it ends with ok
1 verbose cli [ 'E:\\node\\node.exe',
1 verbose cli   'E:\\node\\node_modules\\npm\\bin\\npm-cli.js',
1 verbose cli   'install',
1 verbose cli   'memwatch' ]
2 info using npm@3.10.10
3 info using node@v6.10.1
4 silly loadCurrentTree Starting
5 silly install loadCurrentTree
6 silly install readLocalPackageData
7 silly fetchPackageMetaData memwatch
8 silly fetchNamedPackageData memwatch
9 silly mapToRegistry name memwatch
10 silly mapToRegistry using default registry
11 silly mapToRegistry registry https://registry.npmjs.org/
12 silly mapToRegistry data Result {
12 silly mapToRegistry   raw: 'memwatch',
12 silly mapToRegistry   scope: null,
12 silly mapToRegistry   escapedName: 'memwatch',
12 silly mapToRegistry   name: 'memwatch',
12 silly mapToRegistry   rawSpec: '',
12 silly mapToRegistry   spec: 'latest',
12 silly mapToRegistry   type: 'tag' }
13 silly mapToRegistry uri https://registry.npmjs.org/memwatch
14 verbose request uri https://registry.npmjs.org/memwatch
15 verbose request no auth needed
16 info attempt registry request try #1 at 14:20:31
17 verbose request using bearer token for auth
18 verbose request id c8f4ca7d13506623
19 verbose etag W/"589e8512-9399"
20 verbose lastModified Sat, 11 Feb 2017 03:29:22 GMT
21 http request GET https://registry.npmjs.org/memwatch
22 http 304 https://registry.npmjs.org/memwatch
23 verbose headers { server: 'nginx/1.10.1',
23 verbose headers   'last-modified': 'Sat, 11 Feb 2017 03:29:22 GMT',
23 verbose headers   etag: '"589e8512-9399"',
23 verbose headers   'cache-control': 'max-age=300',
23 verbose headers   'accept-ranges': 'bytes',
23 verbose headers   date: 'Wed, 29 Mar 2017 06:20:30 GMT',
23 verbose headers   via: '1.1 varnish',
23 verbose headers   connection: 'keep-alive',
23 verbose headers   'x-served-by': 'cache-nrt6123-NRT',
23 verbose headers   'x-cache': 'MISS',
23 verbose headers   'x-cache-hits': '0',
23 verbose headers   'x-timer': 'S1490768430.607297,VS0,VE164',
23 verbose headers   vary: 'Accept-Encoding' }
24 silly get cb [ 304,
24 silly get   { server: 'nginx/1.10.1',
24 silly get     'last-modified': 'Sat, 11 Feb 2017 03:29:22 GMT',
24 silly get     etag: '"589e8512-9399"',
24 silly get     'cache-control': 'max-age=300',
24 silly get     'accept-ranges': 'bytes',
24 silly get     date: 'Wed, 29 Mar 2017 06:20:30 GMT',
24 silly get     via: '1.1 varnish',
24 silly get     connection: 'keep-alive',
24 silly get     'x-served-by': 'cache-nrt6123-NRT',
24 silly get     'x-cache': 'MISS',
24 silly get     'x-cache-hits': '0',
24 silly get     'x-timer': 'S1490768430.607297,VS0,VE164',
24 silly get     vary: 'Accept-Encoding' } ]
25 verbose etag https://registry.npmjs.org/memwatch from cache
26 verbose get saving memwatch to C:\Users\ben\AppData\Roaming\npm-cache\registry.npmjs.org\memwatch\.cache.json
27 verbose correctMkdir C:\Users\ben\AppData\Roaming\npm-cache correctMkdir not in flight; initializing
28 silly install normalizeTree
29 silly loadCurrentTree Finishing
30 silly loadIdealTree Starting
31 silly install loadIdealTree
32 silly cloneCurrentTree Starting
33 silly install cloneCurrentTreeToIdealTree
34 silly cloneCurrentTree Finishing
35 silly loadShrinkwrap Starting
36 silly install loadShrinkwrap
37 silly loadShrinkwrap Finishing
38 silly loadAllDepsIntoIdealTree Starting
39 silly install loadAllDepsIntoIdealTree
40 silly resolveWithNewModule memwatch@0.2.2 checking installable status
41 silly cache add args [ 'memwatch', null ]
42 verbose cache add spec memwatch
43 silly cache add parsed spec Result {
43 silly cache add   raw: 'memwatch',
43 silly cache add   scope: null,
43 silly cache add   escapedName: 'memwatch',
43 silly cache add   name: 'memwatch',
43 silly cache add   rawSpec: '',
43 silly cache add   spec: 'latest',
43 silly cache add   type: 'tag' }
44 silly addNamed memwatch@latest
45 verbose addNamed "latest" is being treated as a dist-tag for memwatch
46 info addNameTag [ 'memwatch', 'latest' ]
47 silly mapToRegistry name memwatch
48 silly mapToRegistry using default registry
49 silly mapToRegistry registry https://registry.npmjs.org/
50 silly mapToRegistry data Result {
50 silly mapToRegistry   raw: 'memwatch',
50 silly mapToRegistry   scope: null,
50 silly mapToRegistry   escapedName: 'memwatch',
50 silly mapToRegistry   name: 'memwatch',
50 silly mapToRegistry   rawSpec: '',
50 silly mapToRegistry   spec: 'latest',
50 silly mapToRegistry   type: 'tag' }
51 silly mapToRegistry uri https://registry.npmjs.org/memwatch
52 verbose addNameTag registry:https://registry.npmjs.org/memwatch not in flight; fetching
53 verbose get https://registry.npmjs.org/memwatch not expired, no request
54 silly addNameTag next cb for memwatch with tag latest
55 silly addNamed memwatch@0.2.2
56 verbose addNamed "0.2.2" is a plain semver version for memwatch
57 silly cache afterAdd memwatch@0.2.2
58 verbose afterAdd C:\Users\ben\AppData\Roaming\npm-cache\memwatch\0.2.2\package\package.json not in flight; writing
59 verbose correctMkdir C:\Users\ben\AppData\Roaming\npm-cache correctMkdir not in flight; initializing
60 verbose afterAdd C:\Users\ben\AppData\Roaming\npm-cache\memwatch\0.2.2\package\package.json written
61 silly loadAllDepsIntoIdealTree Finishing
62 silly loadIdealTree Finishing
63 silly currentTree nodespider@0.1.2
63 silly currentTree +-- @types/node@7.0.8
63 silly currentTree +-- abab@1.0.3
63 silly currentTree +-- acorn-globals@3.1.0
63 silly currentTree +-- acorn-jsx@3.0.1
63 silly currentTree | `-- acorn@3.3.0
63 silly currentTree +-- acorn@4.0.4
63 silly currentTree +-- ajv-keywords@1.5.1
63 silly currentTree +-- ajv@4.11.2
63 silly currentTree +-- align-text@0.1.4
63 silly currentTree +-- amdefine@1.0.1
63 silly currentTree +-- ansi-escapes@1.4.0
63 silly currentTree +-- ansi-regex@2.0.0
63 silly currentTree +-- ansi-styles@2.2.1
63 silly currentTree +-- anymatch@1.3.0
63 silly currentTree +-- append-transform@0.4.0
63 silly currentTree +-- argparse@1.0.9
63 silly currentTree +-- arr-diff@2.0.0
63 silly currentTree +-- arr-flatten@1.0.1
63 silly currentTree +-- array-equal@1.0.0
63 silly currentTree +-- array-union@1.0.2
63 silly currentTree +-- array-uniq@1.0.3
63 silly currentTree +-- array-unique@0.2.1
63 silly currentTree +-- arrify@1.0.1
63 silly currentTree +-- asn1@0.2.3
63 silly currentTree +-- assert-plus@1.0.0
63 silly currentTree +-- async@2.1.5
63 silly currentTree +-- asynckit@0.4.0
63 silly currentTree +-- aws-sign2@0.6.0
63 silly currentTree +-- aws4@1.5.0
63 silly currentTree +-- babel-code-frame@6.22.0
63 silly currentTree | +-- chalk@1.1.3
63 silly currentTree | | +-- ansi-styles@2.2.1
63 silly currentTree | | +-- escape-string-regexp@1.0.5
63 silly currentTree | | +-- has-ansi@2.0.0
63 silly currentTree | | | `-- ansi-regex@2.0.0
63 silly currentTree | | +-- strip-ansi@3.0.1
63 silly currentTree | | | `-- ansi-regex@2.0.0
63 silly currentTree | | `-- supports-color@2.0.0
63 silly currentTree | +-- esutils@2.0.2
63 silly currentTree | `-- js-tokens@3.0.1
63 silly currentTree +-- babel-core@6.24.0
63 silly currentTree | +-- babel-messages@6.23.0
63 silly currentTree | +-- babel-runtime@6.23.0
63 silly currentTree | +-- babel-template@6.23.0
63 silly currentTree | +-- babel-traverse@6.23.1
63 silly currentTree | `-- babel-types@6.23.0
63 silly currentTree +-- babel-generator@6.24.0
63 silly currentTree | +-- babel-messages@6.23.0
63 silly currentTree | +-- babel-runtime@6.23.0
63 silly currentTree | `-- babel-types@6.23.0
63 silly currentTree +-- babel-helper-builder-binary-assignment-operator-visitor@6.22.0
63 silly currentTree | +-- babel-helper-explode-assignable-expression@6.22.0
63 silly currentTree | | +-- babel-runtime@6.22.0
63 silly currentTree | | | +-- core-js@2.4.1
63 silly currentTree | | | `-- regenerator-runtime@0.10.1
63 silly currentTree | | +-- babel-traverse@6.22.1
63 silly currentTree | | | +-- babel-code-frame@6.22.0
63 silly currentTree | | | +-- babel-messages@6.22.0
63 silly currentTree | | | | `-- babel-runtime@6.22.0
63 silly currentTree | | | +-- babel-runtime@6.22.0
63 silly currentTree | | | +-- babel-types@6.22.0
63 silly currentTree | | | | +-- babel-runtime@6.22.0
63 silly currentTree | | | | +-- esutils@2.0.2
63 silly currentTree | | | | +-- lodash@4.17.4
63 silly currentTree | | | | `-- to-fast-properties@1.0.2
63 silly currentTree | | | +-- babylon@6.15.0
63 silly currentTree | | | +-- debug@2.6.1
63 silly currentTree | | | | `-- ms@0.7.2
63 silly currentTree | | | +-- globals@9.14.0
63 silly currentTree | | | +-- invariant@2.2.2
63 silly currentTree | | | | `-- loose-envify@1.3.1
63 silly currentTree | | | |   `-- js-tokens@3.0.1
63 silly currentTree | | | `-- lodash@4.17.4
63 silly currentTree | | `-- babel-types@6.22.0
63 silly currentTree | +-- babel-runtime@6.22.0
63 silly currentTree | `-- babel-types@6.22.0
63 silly currentTree +-- babel-helper-explode-assignable-expression@6.22.0
63 silly currentTree +-- babel-helper-function-name@6.22.0
63 silly currentTree | +-- babel-helper-get-function-arity@6.22.0
63 silly currentTree | | +-- babel-runtime@6.22.0
63 silly currentTree | | `-- babel-types@6.22.0
63 silly currentTree | +-- babel-runtime@6.22.0
63 silly currentTree | +-- babel-template@6.22.0
63 silly currentTree | | +-- babel-runtime@6.22.0
63 silly currentTree | | +-- babel-traverse@6.22.1
63 silly currentTree | | +-- babel-types@6.22.0
63 silly currentTree | | +-- babylon@6.15.0
63 silly currentTree | | `-- lodash@4.17.4
63 silly currentTree | +-- babel-traverse@6.22.1
63 silly currentTree | `-- babel-types@6.22.0
63 silly currentTree +-- babel-helper-get-function-arity@6.22.0
63 silly currentTree +-- babel-helper-remap-async-to-generator@6.22.0
63 silly currentTree | +-- babel-helper-function-name@6.22.0
63 silly currentTree | +-- babel-runtime@6.22.0
63 silly currentTree | +-- babel-template@6.22.0
63 silly currentTree | +-- babel-traverse@6.22.1
63 silly currentTree | `-- babel-types@6.22.0
63 silly currentTree +-- babel-helpers@6.23.0
63 silly currentTree | +-- babel-messages@6.23.0
63 silly currentTree | +-- babel-runtime@6.23.0
63 silly currentTree | +-- babel-template@6.23.0
63 silly currentTree | +-- babel-traverse@6.23.1
63 silly currentTree | `-- babel-types@6.23.0
63 silly currentTree +-- babel-jest@19.0.0
63 silly currentTree +-- babel-messages@6.22.0
63 silly currentTree +-- babel-plugin-istanbul@4.0.0
63 silly currentTree | `-- find-up@2.1.0
63 silly currentTree +-- babel-plugin-jest-hoist@19.0.0
63 silly currentTree +-- babel-plugin-syntax-async-functions@6.13.0
63 silly currentTree +-- babel-plugin-syntax-exponentiation-operator@6.13.0
63 silly currentTree +-- babel-plugin-syntax-trailing-function-commas@6.22.0
63 silly currentTree +-- babel-plugin-transform-async-to-generator@6.22.0
63 silly currentTree | +-- babel-helper-remap-async-to-generator@6.22.0
63 silly currentTree | +-- babel-plugin-syntax-async-functions@6.13.0
63 silly currentTree | `-- babel-runtime@6.22.0
63 silly currentTree +-- babel-plugin-transform-exponentiation-operator@6.22.0
63 silly currentTree | +-- babel-helper-builder-binary-assignment-operator-visitor@6.22.0
63 silly currentTree | +-- babel-plugin-syntax-exponentiation-operator@6.13.0
63 silly currentTree | `-- babel-runtime@6.22.0
63 silly currentTree +-- babel-preset-es2017@6.22.0
63 silly currentTree | +-- babel-plugin-syntax-trailing-function-commas@6.22.0
63 silly currentTree | `-- babel-plugin-transform-async-to-generator@6.22.0
63 silly currentTree +-- babel-preset-jest@19.0.0
63 silly currentTree +-- babel-register@6.24.0
63 silly currentTree | `-- babel-runtime@6.23.0
63 silly currentTree +-- babel-template@6.22.0
63 silly currentTree +-- babel-traverse@6.22.1
63 silly currentTree +-- babel-types@6.22.0
63 silly currentTree +-- babylon@6.15.0
63 silly currentTree +-- balanced-match@0.4.2
63 silly currentTree +-- bcrypt-pbkdf@1.0.0
63 silly currentTree | `-- tweetnacl@0.14.5
63 silly currentTree +-- boolbase@1.0.0
63 silly currentTree +-- boom@2.10.1
63 silly currentTree | `-- hoek@2.16.3
63 silly currentTree +-- brace-expansion@1.1.6
63 silly currentTree +-- braces@1.8.5
63 silly currentTree +-- browser-resolve@1.11.2
63 silly currentTree | `-- resolve@1.1.7
63 silly currentTree +-- bser@2.0.0
63 silly currentTree +-- buffer-shims@1.0.0
63 silly currentTree +-- builtin-modules@1.1.1
63 silly currentTree +-- caller-path@0.1.0
63 silly currentTree +-- callsites@0.2.0
63 silly currentTree +-- camelcase@1.2.1
63 silly currentTree +-- caseless@0.11.0
63 silly currentTree +-- center-align@0.1.3
63 silly currentTree +-- chalk@1.1.3
63 silly currentTree | +-- ansi-styles@2.2.1
63 silly currentTree | +-- escape-string-regexp@1.0.5
63 silly currentTree | +-- has-ansi@2.0.0
63 silly currentTree | +-- strip-ansi@3.0.1
63 silly currentTree | `-- supports-color@2.0.0
63 silly currentTree +-- charset@1.0.0
63 silly currentTree +-- cheerio@0.22.0
63 silly currentTree | +-- css-select@1.2.0
63 silly currentTree | | +-- boolbase@1.0.0
63 silly currentTree | | +-- css-what@2.1.0
63 silly currentTree | | +-- domutils@1.5.1
63 silly currentTree | | | +-- dom-serializer@0.1.0
63 silly currentTree | | | | +-- domelementtype@1.1.3
63 silly currentTree | | | | `-- entities@1.1.1
63 silly currentTree | | | `-- domelementtype@1.3.0
63 silly currentTree | | `-- nth-check@1.0.1
63 silly currentTree | |   `-- boolbase@1.0.0
63 silly currentTree | +-- dom-serializer@0.1.0
63 silly currentTree | +-- entities@1.1.1
63 silly currentTree | +-- htmlparser2@3.9.2
63 silly currentTree | | +-- domelementtype@1.3.0
63 silly currentTree | | +-- domhandler@2.3.0
63 silly currentTree | | | `-- domelementtype@1.3.0
63 silly currentTree | | +-- domutils@1.5.1
63 silly currentTree | | +-- entities@1.1.1
63 silly currentTree | | +-- inherits@2.0.3
63 silly currentTree | | `-- readable-stream@2.2.2
63 silly currentTree | |   +-- buffer-shims@1.0.0
63 silly currentTree | |   +-- core-util-is@1.0.2
63 silly currentTree | |   +-- inherits@2.0.3
63 silly currentTree | |   +-- isarray@1.0.0
63 silly currentTree | |   +-- process-nextick-args@1.0.7
63 silly currentTree | |   +-- string_decoder@0.10.31
63 silly currentTree | |   `-- util-deprecate@1.0.2
63 silly currentTree | +-- lodash.assignin@4.2.0
63 silly currentTree | +-- lodash.bind@4.2.1
63 silly currentTree | +-- lodash.defaults@4.2.0
63 silly currentTree | +-- lodash.filter@4.6.0
63 silly currentTree | +-- lodash.flatten@4.4.0
63 silly currentTree | +-- lodash.foreach@4.5.0
63 silly currentTree | +-- lodash.map@4.6.0
63 silly currentTree | +-- lodash.merge@4.6.0
63 silly currentTree | +-- lodash.pick@4.4.0
63 silly currentTree | +-- lodash.reduce@4.6.0
63 silly currentTree | +-- lodash.reject@4.6.0
63 silly currentTree | `-- lodash.some@4.6.0
63 silly currentTree +-- ci-info@1.0.0
63 silly currentTree +-- circular-json@0.3.1
63 silly currentTree +-- cli-cursor@1.0.2
63 silly currentTree +-- cli-width@2.1.0
63 silly currentTree +-- cliui@2.1.0
63 silly currentTree | `-- wordwrap@0.0.2
63 silly currentTree +-- co@4.6.0
63 silly currentTree +-- code-point-at@1.1.0
63 silly currentTree +-- color-convert@1.9.0
63 silly currentTree +-- color-name@1.1.2
63 silly currentTree +-- combined-stream@1.0.5
63 silly currentTree | `-- delayed-stream@1.0.0
63 silly currentTree +-- commander@2.9.0
63 silly currentTree | `-- graceful-readlink@1.0.1
63 silly currentTree +-- concat-map@0.0.1
63 silly currentTree +-- concat-stream@1.6.0
63 silly currentTree +-- contains-path@0.1.0
63 silly currentTree +-- content-type-parser@1.0.1
63 silly currentTree +-- convert-source-map@1.4.0
63 silly currentTree +-- core-js@2.4.1
63 silly currentTree +-- core-util-is@1.0.2
63 silly currentTree +-- cryptiles@2.0.5
63 silly currentTree | `-- boom@2.10.1
63 silly currentTree +-- css-select@1.2.0
63 silly currentTree +-- css-what@2.1.0
63 silly currentTree +-- cssom@0.3.2
63 silly currentTree +-- cssstyle@0.2.37
63 silly currentTree +-- d@0.1.1
63 silly currentTree +-- dashdash@1.14.1
63 silly currentTree | `-- assert-plus@1.0.0
63 silly currentTree +-- debug@2.6.1
63 silly currentTree +-- decamelize@1.2.0
63 silly currentTree +-- deep-is@0.1.3
63 silly currentTree +-- default-require-extensions@1.0.0
63 silly currentTree | `-- strip-bom@2.0.0
63 silly currentTree +-- del@2.2.2
63 silly currentTree +-- delayed-stream@1.0.0
63 silly currentTree +-- detect-indent@4.0.0
63 silly currentTree +-- diff@3.2.0
63 silly currentTree +-- doctrine@1.5.0
63 silly currentTree +-- dom-serializer@0.1.0
63 silly currentTree +-- domelementtype@1.3.0
63 silly currentTree +-- domhandler@2.3.0
63 silly currentTree +-- domutils@1.5.1
63 silly currentTree +-- ecc-jsbn@0.1.1
63 silly currentTree | `-- jsbn@0.1.0
63 silly currentTree +-- entities@1.1.1
63 silly currentTree +-- errno@0.1.4
63 silly currentTree +-- error-ex@1.3.1
63 silly currentTree +-- es5-ext@0.10.12
63 silly currentTree +-- es6-iterator@2.0.0
63 silly currentTree +-- es6-map@0.1.4
63 silly currentTree +-- es6-set@0.1.4
63 silly currentTree +-- es6-symbol@3.1.0
63 silly currentTree +-- es6-weak-map@2.0.1
63 silly currentTree +-- escape-string-regexp@1.0.5
63 silly currentTree +-- escodegen@1.8.1
63 silly currentTree | +-- esprima@2.7.3
63 silly currentTree | +-- estraverse@1.9.3
63 silly currentTree | `-- source-map@0.2.0
63 silly currentTree +-- escope@3.6.0
63 silly currentTree +-- eslint-config-airbnb-base@11.1.0
63 silly currentTree +-- eslint-config-standard@6.2.1
63 silly currentTree +-- eslint-import-resolver-node@0.2.3
63 silly currentTree +-- eslint-module-utils@2.0.0
63 silly currentTree | +-- debug@2.2.0
63 silly currentTree | `-- ms@0.7.1
63 silly currentTree +-- eslint-plugin-import@2.2.0
63 silly currentTree +-- eslint-plugin-promise@3.4.1
63 silly currentTree +-- eslint-plugin-standard@2.0.1
63 silly currentTree +-- eslint@3.15.0
63 silly currentTree +-- espree@3.4.0
63 silly currentTree +-- esprima@3.1.3
63 silly currentTree +-- esrecurse@4.1.0
63 silly currentTree | `-- estraverse@4.1.1
63 silly currentTree +-- estraverse@4.2.0
63 silly currentTree +-- esutils@2.0.2
63 silly currentTree +-- event-emitter@0.3.4
63 silly currentTree +-- exec-sh@0.2.0
63 silly currentTree +-- exit-hook@1.1.1
63 silly currentTree +-- expand-brackets@0.1.5
63 silly currentTree +-- expand-range@1.8.2
63 silly currentTree +-- extend@3.0.0
63 silly currentTree +-- extglob@0.3.2
63 silly currentTree +-- extsprintf@1.0.2
63 silly currentTree +-- fast-levenshtein@2.0.6
63 silly currentTree +-- fb-watchman@2.0.0
63 silly currentTree +-- figures@1.7.0
63 silly currentTree +-- file-entry-cache@2.0.0
63 silly currentTree +-- filename-regex@2.0.0
63 silly currentTree +-- fileset@2.0.3
63 silly currentTree +-- fill-range@2.2.3
63 silly currentTree +-- find-up@1.1.2
63 silly currentTree +-- flat-cache@1.2.2
63 silly currentTree +-- for-in@1.0.2
63 silly currentTree +-- for-own@0.1.5
63 silly currentTree +-- forever-agent@0.6.1
63 silly currentTree +-- form-data@2.1.2
63 silly currentTree | +-- asynckit@0.4.0
63 silly currentTree | +-- combined-stream@1.0.5
63 silly currentTree | `-- mime-types@2.1.13
63 silly currentTree |   `-- mime-db@1.25.0
63 silly currentTree +-- fs-extra@2.0.0
63 silly currentTree +-- fs.realpath@1.0.0
63 silly currentTree +-- function-bind@1.1.0
63 silly currentTree +-- generate-function@2.0.0
63 silly currentTree +-- generate-object-property@1.2.0
63 silly currentTree | `-- is-property@1.0.2
63 silly currentTree +-- get-caller-file@1.0.2
63 silly currentTree +-- getpass@0.1.6
63 silly currentTree | `-- assert-plus@1.0.0
63 silly currentTree +-- glob-base@0.3.0
63 silly currentTree +-- glob-parent@2.0.0
63 silly currentTree +-- glob@7.1.1
63 silly currentTree +-- globals@9.14.0
63 silly currentTree +-- globby@5.0.0
63 silly currentTree +-- graceful-fs@4.1.11
63 silly currentTree +-- graceful-readlink@1.0.1
63 silly currentTree +-- growly@1.3.0
63 silly currentTree +-- handlebars@4.0.6
63 silly currentTree | +-- async@1.5.2
63 silly currentTree | `-- source-map@0.4.4
63 silly currentTree +-- har-validator@2.0.6
63 silly currentTree | +-- chalk@1.1.3
63 silly currentTree | +-- commander@2.9.0
63 silly currentTree | +-- is-my-json-valid@2.15.0
63 silly currentTree | | +-- generate-function@2.0.0
63 silly currentTree | | +-- generate-object-property@1.2.0
63 silly currentTree | | +-- jsonpointer@4.0.1
63 silly currentTree | | `-- xtend@4.0.1
63 silly currentTree | `-- pinkie-promise@2.0.1
63 silly currentTree |   `-- pinkie@2.0.4
63 silly currentTree +-- has-ansi@2.0.0
63 silly currentTree +-- has-flag@1.0.0
63 silly currentTree +-- has@1.0.1
63 silly currentTree +-- hawk@3.1.3
63 silly currentTree | +-- boom@2.10.1
63 silly currentTree | +-- cryptiles@2.0.5
63 silly currentTree | +-- hoek@2.16.3
63 silly currentTree | `-- sntp@1.0.9
63 silly currentTree |   `-- hoek@2.16.3
63 silly currentTree +-- hoek@2.16.3
63 silly currentTree +-- home-or-tmp@2.0.0
63 silly currentTree +-- hosted-git-info@2.2.0
63 silly currentTree +-- html-encoding-sniffer@1.0.1
63 silly currentTree +-- htmlparser2@3.9.2
63 silly currentTree +-- http-signature@1.1.1
63 silly currentTree | +-- assert-plus@0.2.0
63 silly currentTree | +-- jsprim@1.3.1
63 silly currentTree | | +-- extsprintf@1.0.2
63 silly currentTree | | +-- json-schema@0.2.3
63 silly currentTree | | `-- verror@1.3.6
63 silly currentTree | |   `-- extsprintf@1.0.2
63 silly currentTree | `-- sshpk@1.10.1
63 silly currentTree |   +-- asn1@0.2.3
63 silly currentTree |   +-- assert-plus@1.0.0
63 silly currentTree |   +-- bcrypt-pbkdf@1.0.0
63 silly currentTree |   +-- dashdash@1.14.1
63 silly currentTree |   +-- ecc-jsbn@0.1.1
63 silly currentTree |   +-- getpass@0.1.6
63 silly currentTree |   +-- jodid25519@1.0.2
63 silly currentTree |   | `-- jsbn@0.1.0
63 silly currentTree |   +-- jsbn@0.1.0
63 silly currentTree |   `-- tweetnacl@0.14.5
63 silly currentTree +-- iconv-lite@0.4.15
63 silly currentTree +-- ignore@3.2.2
63 silly currentTree +-- imurmurhash@0.1.4
63 silly currentTree +-- inflight@1.0.6
63 silly currentTree +-- inherits@2.0.3
63 silly currentTree +-- inquirer@0.12.0
63 silly currentTree +-- interpret@1.0.1
63 silly currentTree +-- invariant@2.2.2
63 silly currentTree +-- invert-kv@1.0.0
63 silly currentTree +-- is-arrayish@0.2.1
63 silly currentTree +-- is-buffer@1.1.5
63 silly currentTree +-- is-builtin-module@1.0.0
63 silly currentTree +-- is-ci@1.0.10
63 silly currentTree +-- is-dotfile@1.0.2
63 silly currentTree +-- is-equal-shallow@0.1.3
63 silly currentTree +-- is-extendable@0.1.1
63 silly currentTree +-- is-extglob@1.0.0
63 silly currentTree +-- is-finite@1.0.2
63 silly currentTree +-- is-fullwidth-code-point@1.0.0
63 silly currentTree +-- is-glob@2.0.1
63 silly currentTree +-- is-my-json-valid@2.15.0
63 silly currentTree +-- is-number@2.1.0
63 silly currentTree +-- is-path-cwd@1.0.0
63 silly currentTree +-- is-path-in-cwd@1.0.0
63 silly currentTree +-- is-path-inside@1.0.0
63 silly currentTree +-- is-posix-bracket@0.1.1
63 silly currentTree +-- is-primitive@2.0.0
63 silly currentTree +-- is-property@1.0.2
63 silly currentTree +-- is-resolvable@1.0.0
63 silly currentTree +-- is-typedarray@1.0.0
63 silly currentTree +-- is-utf8@0.2.1
63 silly currentTree +-- isarray@1.0.0
63 silly currentTree +-- isexe@1.1.2
63 silly currentTree +-- isobject@2.1.0
63 silly currentTree +-- isstream@0.1.2
63 silly currentTree +-- istanbul-api@1.1.1
63 silly currentTree +-- istanbul-lib-coverage@1.0.1
63 silly currentTree +-- istanbul-lib-hook@1.0.0
63 silly currentTree +-- istanbul-lib-instrument@1.4.2
63 silly currentTree +-- istanbul-lib-report@1.0.0-alpha.3
63 silly currentTree | +-- async@1.5.2
63 silly currentTree | `-- supports-color@3.2.3
63 silly currentTree +-- istanbul-lib-source-maps@1.1.0
63 silly currentTree +-- istanbul-reports@1.0.1
63 silly currentTree +-- jest-changed-files@19.0.2
63 silly currentTree +-- jest-config@19.0.2
63 silly currentTree +-- jest-diff@19.0.0
63 silly currentTree +-- jest-environment-jsdom@19.0.2
63 silly currentTree +-- jest-environment-node@19.0.2
63 silly currentTree +-- jest-file-exists@19.0.0
63 silly currentTree +-- jest-haste-map@19.0.0
63 silly currentTree +-- jest-jasmine2@19.0.2
63 silly currentTree +-- jest-matcher-utils@19.0.0
63 silly currentTree +-- jest-matchers@19.0.0
63 silly currentTree +-- jest-message-util@19.0.0
63 silly currentTree +-- jest-mock@19.0.0
63 silly currentTree +-- jest-regex-util@19.0.0
63 silly currentTree +-- jest-resolve-dependencies@19.0.0
63 silly currentTree +-- jest-resolve@19.0.2
63 silly currentTree +-- jest-runtime@19.0.2
63 silly currentTree +-- jest-snapshot@19.0.2
63 silly currentTree +-- jest-util@19.0.2
63 silly currentTree +-- jest-validate@19.0.2
63 silly currentTree +-- jest@19.0.2
63 silly currentTree | +-- callsites@2.0.0
63 silly currentTree | `-- jest-cli@19.0.2
63 silly currentTree +-- jodid25519@1.0.2
63 silly currentTree +-- js-tokens@3.0.1
63 silly currentTree +-- js-yaml@3.8.1
63 silly currentTree +-- jsbn@0.1.0
63 silly currentTree +-- jsdom@9.12.0
63 silly currentTree +-- jsesc@1.3.0
63 silly currentTree +-- json-schema@0.2.3
63 silly currentTree +-- json-stable-stringify@1.0.1
63 silly currentTree +-- json-stringify-safe@5.0.1
63 silly currentTree +-- json5@0.5.1
63 silly currentTree +-- jsonfile@2.4.0
63 silly currentTree +-- jsonify@0.0.0
63 silly currentTree +-- jsonpointer@4.0.1
63 silly currentTree +-- jsprim@1.3.1
63 silly currentTree +-- kind-of@3.1.0
63 silly currentTree +-- lazy-cache@1.0.4
63 silly currentTree +-- lcid@1.0.0
63 silly currentTree +-- leven@2.1.0
63 silly currentTree +-- levn@0.3.0
63 silly currentTree +-- load-json-file@1.1.0
63 silly currentTree | `-- strip-bom@2.0.0
63 silly currentTree +-- locate-path@2.0.0
63 silly currentTree | `-- path-exists@3.0.0
63 silly currentTree +-- lodash.assignin@4.2.0
63 silly currentTree +-- lodash.bind@4.2.1
63 silly currentTree +-- lodash.cond@4.5.2
63 silly currentTree +-- lodash.defaults@4.2.0
63 silly currentTree +-- lodash.filter@4.6.0
63 silly currentTree +-- lodash.flatten@4.4.0
63 silly currentTree +-- lodash.foreach@4.5.0
63 silly currentTree +-- lodash.map@4.6.0
63 silly currentTree +-- lodash.merge@4.6.0
63 silly currentTree +-- lodash.pick@4.4.0
63 silly currentTree +-- lodash.reduce@4.6.0
63 silly currentTree +-- lodash.reject@4.6.0
63 silly currentTree +-- lodash.some@4.6.0
63 silly currentTree +-- lodash@4.17.4
63 silly currentTree +-- longest@1.0.1
63 silly currentTree +-- loose-envify@1.3.1
63 silly currentTree +-- makeerror@1.0.11
63 silly currentTree +-- merge@1.2.0
63 silly currentTree +-- micromatch@2.3.11
63 silly currentTree +-- mime-db@1.25.0
63 silly currentTree +-- mime-types@2.1.13
63 silly currentTree +-- minimatch@3.0.3
63 silly currentTree +-- minimist@0.0.8
63 silly currentTree +-- mkdirp@0.5.1
63 silly currentTree +-- ms@0.7.2
63 silly currentTree +-- mute-stream@0.0.5
63 silly currentTree +-- natural-compare@1.4.0
63 silly currentTree +-- node-int64@0.4.0
63 silly currentTree +-- node-notifier@5.0.2
63 silly currentTree +-- normalize-package-data@2.3.6
63 silly currentTree +-- normalize-path@2.0.1
63 silly currentTree +-- nth-check@1.0.1
63 silly currentTree +-- number-is-nan@1.0.1
63 silly currentTree +-- nwmatcher@1.3.9
63 silly currentTree +-- oauth-sign@0.8.2
63 silly currentTree +-- object-assign@4.1.1
63 silly currentTree +-- object.omit@2.0.1
63 silly currentTree +-- once@1.4.0
63 silly currentTree +-- onetime@1.1.0
63 silly currentTree +-- optimist@0.6.1
63 silly currentTree | `-- wordwrap@0.0.3
63 silly currentTree +-- optionator@0.8.2
63 silly currentTree +-- os-homedir@1.0.2
63 silly currentTree +-- os-locale@1.4.0
63 silly currentTree +-- os-tmpdir@1.0.2
63 silly currentTree +-- p-limit@1.1.0
63 silly currentTree +-- p-locate@2.0.0
63 silly currentTree +-- parse-glob@3.0.4
63 silly currentTree +-- parse-json@2.2.0
63 silly currentTree +-- parse5@1.5.1
63 silly currentTree +-- path-exists@2.1.0
63 silly currentTree +-- path-is-absolute@1.0.1
63 silly currentTree +-- path-is-inside@1.0.2
63 silly currentTree +-- path-parse@1.0.5
63 silly currentTree +-- path-type@1.1.0
63 silly currentTree +-- pify@2.3.0
63 silly currentTree +-- pinkie-promise@2.0.1
63 silly currentTree +-- pinkie@2.0.4
63 silly currentTree +-- pkg-dir@1.0.0
63 silly currentTree +-- pkg-up@1.0.0
63 silly currentTree +-- pluralize@1.2.1
63 silly currentTree +-- prelude-ls@1.1.2
63 silly currentTree +-- preserve@0.2.0
63 silly currentTree +-- pretty-format@19.0.0
63 silly currentTree | `-- ansi-styles@3.0.0
63 silly currentTree +-- private@0.1.7
63 silly currentTree +-- process-nextick-args@1.0.7
63 silly currentTree +-- progress@1.1.8
63 silly currentTree +-- prr@0.0.0
63 silly currentTree +-- punycode@1.4.1
63 silly currentTree +-- qs@6.3.0
63 silly currentTree +-- randomatic@1.1.6
63 silly currentTree +-- read-pkg-up@1.0.1
63 silly currentTree +-- read-pkg@1.1.0
63 silly currentTree +-- readable-stream@2.2.2
63 silly currentTree +-- readline2@1.0.1
63 silly currentTree +-- rechoir@0.6.2
63 silly currentTree +-- regenerator-runtime@0.10.1
63 silly currentTree +-- regex-cache@0.4.3
63 silly currentTree +-- repeat-element@1.1.2
63 silly currentTree +-- repeat-string@1.6.1
63 silly currentTree +-- repeating@2.0.1
63 silly currentTree +-- request@2.79.0
63 silly currentTree | +-- aws-sign2@0.6.0
63 silly currentTree | +-- aws4@1.5.0
63 silly currentTree | +-- caseless@0.11.0
63 silly currentTree | +-- combined-stream@1.0.5
63 silly currentTree | +-- extend@3.0.0
63 silly currentTree | +-- forever-agent@0.6.1
63 silly currentTree | +-- form-data@2.1.2
63 silly currentTree | +-- har-validator@2.0.6
63 silly currentTree | +-- hawk@3.1.3
63 silly currentTree | +-- http-signature@1.1.1
63 silly currentTree | +-- is-typedarray@1.0.0
63 silly currentTree | +-- isstream@0.1.2
63 silly currentTree | +-- json-stringify-safe@5.0.1
63 silly currentTree | +-- mime-types@2.1.13
63 silly currentTree | +-- oauth-sign@0.8.2
63 silly currentTree | +-- qs@6.3.0
63 silly currentTree | +-- stringstream@0.0.5
63 silly currentTree | +-- tough-cookie@2.3.2
63 silly currentTree | | `-- punycode@1.4.1
63 silly currentTree | +-- tunnel-agent@0.4.3
63 silly currentTree | `-- uuid@3.0.1
63 silly currentTree +-- require-directory@2.1.1
63 silly currentTree +-- require-main-filename@1.0.1
63 silly currentTree +-- require-uncached@1.0.3
63 silly currentTree +-- resolve-from@1.0.1
63 silly currentTree +-- resolve@1.2.0
63 silly currentTree +-- restore-cursor@1.0.1
63 silly currentTree +-- right-align@0.1.3
63 silly currentTree +-- rimraf@2.5.4
63 silly currentTree +-- run-async@0.1.0
63 silly currentTree +-- rx-lite@3.1.2
63 silly currentTree +-- sane@1.5.0
63 silly currentTree | +-- bser@1.0.2
63 silly currentTree | +-- fb-watchman@1.9.2
63 silly currentTree | `-- minimist@1.2.0
63 silly currentTree +-- sax@1.2.2
63 silly currentTree +-- semver@5.3.0
63 silly currentTree +-- set-blocking@2.0.0
63 silly currentTree +-- shelljs@0.7.6
63 silly currentTree +-- shellwords@0.1.0
63 silly currentTree +-- slash@1.0.0
63 silly currentTree +-- slice-ansi@0.0.4
63 silly currentTree +-- sntp@1.0.9
63 silly currentTree +-- source-map-support@0.4.13
63 silly currentTree +-- source-map@0.5.6
63 silly currentTree +-- spdx-correct@1.0.2
63 silly currentTree +-- spdx-expression-parse@1.0.4
63 silly currentTree +-- spdx-license-ids@1.2.2
63 silly currentTree +-- sprintf-js@1.0.3
63 silly currentTree +-- sshpk@1.10.1
63 silly currentTree +-- string_decoder@0.10.31
63 silly currentTree +-- string-length@1.0.1
63 silly currentTree +-- string-width@1.0.2
63 silly currentTree +-- stringstream@0.0.5
63 silly currentTree +-- strip-ansi@3.0.1
63 silly currentTree +-- strip-bom@3.0.0
63 silly currentTree +-- strip-json-comments@2.0.1
63 silly currentTree +-- supports-color@2.0.0
63 silly currentTree +-- symbol-tree@3.2.2
63 silly currentTree +-- table@3.8.3
63 silly currentTree | +-- is-fullwidth-code-point@2.0.0
63 silly currentTree | `-- string-width@2.0.0
63 silly currentTree +-- test-exclude@4.0.0
63 silly currentTree +-- text-table@0.2.0
63 silly currentTree +-- throat@3.0.0
63 silly currentTree +-- through@2.3.8
63 silly currentTree +-- tmpl@1.0.4
63 silly currentTree +-- to-fast-properties@1.0.2
63 silly currentTree +-- tough-cookie@2.3.2
63 silly currentTree +-- tr46@0.0.3
63 silly currentTree +-- trim-right@1.0.1
63 silly currentTree +-- tryit@1.0.3
63 silly currentTree +-- tunnel-agent@0.4.3
63 silly currentTree +-- tweetnacl@0.14.5
63 silly currentTree +-- type-check@0.3.2
63 silly currentTree +-- typedarray@0.0.6
63 silly currentTree +-- uglify-js@2.8.12
63 silly currentTree | `-- yargs@3.10.0
63 silly currentTree +-- uglify-to-browserify@1.0.2
63 silly currentTree +-- user-home@2.0.0
63 silly currentTree +-- util-deprecate@1.0.2
63 silly currentTree +-- uuid@3.0.1
63 silly currentTree +-- validate-npm-package-license@3.0.1
63 silly currentTree +-- verror@1.3.6
63 silly currentTree +-- walker@1.0.7
63 silly currentTree +-- watch@0.10.0
63 silly currentTree +-- webidl-conversions@4.0.1
63 silly currentTree +-- whatwg-encoding@1.0.1
63 silly currentTree | `-- iconv-lite@0.4.13
63 silly currentTree +-- whatwg-url@4.6.0
63 silly currentTree | `-- webidl-conversions@3.0.1
63 silly currentTree +-- which-module@1.0.0
63 silly currentTree +-- which@1.2.12
63 silly currentTree +-- window-size@0.1.0
63 silly currentTree +-- wordwrap@1.0.0
63 silly currentTree +-- worker-farm@1.3.1
63 silly currentTree +-- wrap-ansi@2.1.0
63 silly currentTree +-- wrappy@1.0.2
63 silly currentTree +-- write@0.2.1
63 silly currentTree +-- xml-name-validator@2.0.1
63 silly currentTree +-- xtend@4.0.1
63 silly currentTree +-- y18n@3.2.1
63 silly currentTree +-- yargs-parser@4.2.1
63 silly currentTree | `-- camelcase@3.0.0
63 silly currentTree `-- yargs@6.6.0
63 silly currentTree   +-- camelcase@3.0.0
63 silly currentTree   `-- cliui@3.2.0
64 silly idealTree nodespider@0.1.2
64 silly idealTree +-- @types/node@7.0.8
64 silly idealTree +-- abab@1.0.3
64 silly idealTree +-- acorn-globals@3.1.0
64 silly idealTree +-- acorn-jsx@3.0.1
64 silly idealTree | `-- acorn@3.3.0
64 silly idealTree +-- acorn@4.0.4
64 silly idealTree +-- ajv-keywords@1.5.1
64 silly idealTree +-- ajv@4.11.2
64 silly idealTree +-- align-text@0.1.4
64 silly idealTree +-- amdefine@1.0.1
64 silly idealTree +-- ansi-escapes@1.4.0
64 silly idealTree +-- ansi-regex@2.0.0
64 silly idealTree +-- ansi-styles@2.2.1
64 silly idealTree +-- anymatch@1.3.0
64 silly idealTree +-- append-transform@0.4.0
64 silly idealTree +-- argparse@1.0.9
64 silly idealTree +-- arr-diff@2.0.0
64 silly idealTree +-- arr-flatten@1.0.1
64 silly idealTree +-- array-equal@1.0.0
64 silly idealTree +-- array-union@1.0.2
64 silly idealTree +-- array-uniq@1.0.3
64 silly idealTree +-- array-unique@0.2.1
64 silly idealTree +-- arrify@1.0.1
64 silly idealTree +-- asn1@0.2.3
64 silly idealTree +-- assert-plus@1.0.0
64 silly idealTree +-- async@2.1.5
64 silly idealTree +-- asynckit@0.4.0
64 silly idealTree +-- aws-sign2@0.6.0
64 silly idealTree +-- aws4@1.5.0
64 silly idealTree +-- babel-code-frame@6.22.0
64 silly idealTree | +-- chalk@1.1.3
64 silly idealTree | | +-- ansi-styles@2.2.1
64 silly idealTree | | +-- escape-string-regexp@1.0.5
64 silly idealTree | | +-- has-ansi@2.0.0
64 silly idealTree | | | `-- ansi-regex@2.0.0
64 silly idealTree | | +-- strip-ansi@3.0.1
64 silly idealTree | | | `-- ansi-regex@2.0.0
64 silly idealTree | | `-- supports-color@2.0.0
64 silly idealTree | +-- esutils@2.0.2
64 silly idealTree | `-- js-tokens@3.0.1
64 silly idealTree +-- babel-core@6.24.0
64 silly idealTree | +-- babel-messages@6.23.0
64 silly idealTree | +-- babel-runtime@6.23.0
64 silly idealTree | +-- babel-template@6.23.0
64 silly idealTree | +-- babel-traverse@6.23.1
64 silly idealTree | `-- babel-types@6.23.0
64 silly idealTree +-- babel-generator@6.24.0
64 silly idealTree | +-- babel-messages@6.23.0
64 silly idealTree | +-- babel-runtime@6.23.0
64 silly idealTree | `-- babel-types@6.23.0
64 silly idealTree +-- babel-helper-builder-binary-assignment-operator-visitor@6.22.0
64 silly idealTree | +-- babel-helper-explode-assignable-expression@6.22.0
64 silly idealTree | | +-- babel-runtime@6.22.0
64 silly idealTree | | | +-- core-js@2.4.1
64 silly idealTree | | | `-- regenerator-runtime@0.10.1
64 silly idealTree | | +-- babel-traverse@6.22.1
64 silly idealTree | | | +-- babel-code-frame@6.22.0
64 silly idealTree | | | +-- babel-messages@6.22.0
64 silly idealTree | | | | `-- babel-runtime@6.22.0
64 silly idealTree | | | +-- babel-runtime@6.22.0
64 silly idealTree | | | +-- babel-types@6.22.0
64 silly idealTree | | | | +-- babel-runtime@6.22.0
64 silly idealTree | | | | +-- esutils@2.0.2
64 silly idealTree | | | | +-- lodash@4.17.4
64 silly idealTree | | | | `-- to-fast-properties@1.0.2
64 silly idealTree | | | +-- babylon@6.15.0
64 silly idealTree | | | +-- debug@2.6.1
64 silly idealTree | | | | `-- ms@0.7.2
64 silly idealTree | | | +-- globals@9.14.0
64 silly idealTree | | | +-- invariant@2.2.2
64 silly idealTree | | | | `-- loose-envify@1.3.1
64 silly idealTree | | | |   `-- js-tokens@3.0.1
64 silly idealTree | | | `-- lodash@4.17.4
64 silly idealTree | | `-- babel-types@6.22.0
64 silly idealTree | +-- babel-runtime@6.22.0
64 silly idealTree | `-- babel-types@6.22.0
64 silly idealTree +-- babel-helper-explode-assignable-expression@6.22.0
64 silly idealTree +-- babel-helper-function-name@6.22.0
64 silly idealTree | +-- babel-helper-get-function-arity@6.22.0
64 silly idealTree | | +-- babel-runtime@6.22.0
64 silly idealTree | | `-- babel-types@6.22.0
64 silly idealTree | +-- babel-runtime@6.22.0
64 silly idealTree | +-- babel-template@6.22.0
64 silly idealTree | | +-- babel-runtime@6.22.0
64 silly idealTree | | +-- babel-traverse@6.22.1
64 silly idealTree | | +-- babel-types@6.22.0
64 silly idealTree | | +-- babylon@6.15.0
64 silly idealTree | | `-- lodash@4.17.4
64 silly idealTree | +-- babel-traverse@6.22.1
64 silly idealTree | `-- babel-types@6.22.0
64 silly idealTree +-- babel-helper-get-function-arity@6.22.0
64 silly idealTree +-- babel-helper-remap-async-to-generator@6.22.0
64 silly idealTree | +-- babel-helper-function-name@6.22.0
64 silly idealTree | +-- babel-runtime@6.22.0
64 silly idealTree | +-- babel-template@6.22.0
64 silly idealTree | +-- babel-traverse@6.22.1
64 silly idealTree | `-- babel-types@6.22.0
64 silly idealTree +-- babel-helpers@6.23.0
64 silly idealTree | +-- babel-messages@6.23.0
64 silly idealTree | +-- babel-runtime@6.23.0
64 silly idealTree | +-- babel-template@6.23.0
64 silly idealTree | +-- babel-traverse@6.23.1
64 silly idealTree | `-- babel-types@6.23.0
64 silly idealTree +-- babel-jest@19.0.0
64 silly idealTree +-- babel-messages@6.22.0
64 silly idealTree +-- babel-plugin-istanbul@4.0.0
64 silly idealTree | `-- find-up@2.1.0
64 silly idealTree +-- babel-plugin-jest-hoist@19.0.0
64 silly idealTree +-- babel-plugin-syntax-async-functions@6.13.0
64 silly idealTree +-- babel-plugin-syntax-exponentiation-operator@6.13.0
64 silly idealTree +-- babel-plugin-syntax-trailing-function-commas@6.22.0
64 silly idealTree +-- babel-plugin-transform-async-to-generator@6.22.0
64 silly idealTree | +-- babel-helper-remap-async-to-generator@6.22.0
64 silly idealTree | +-- babel-plugin-syntax-async-functions@6.13.0
64 silly idealTree | `-- babel-runtime@6.22.0
64 silly idealTree +-- babel-plugin-transform-exponentiation-operator@6.22.0
64 silly idealTree | +-- babel-helper-builder-binary-assignment-operator-visitor@6.22.0
64 silly idealTree | +-- babel-plugin-syntax-exponentiation-operator@6.13.0
64 silly idealTree | `-- babel-runtime@6.22.0
64 silly idealTree +-- babel-preset-es2017@6.22.0
64 silly idealTree | +-- babel-plugin-syntax-trailing-function-commas@6.22.0
64 silly idealTree | `-- babel-plugin-transform-async-to-generator@6.22.0
64 silly idealTree +-- babel-preset-jest@19.0.0
64 silly idealTree +-- babel-register@6.24.0
64 silly idealTree | `-- babel-runtime@6.23.0
64 silly idealTree +-- babel-template@6.22.0
64 silly idealTree +-- babel-traverse@6.22.1
64 silly idealTree +-- babel-types@6.22.0
64 silly idealTree +-- babylon@6.15.0
64 silly idealTree +-- balanced-match@0.4.2
64 silly idealTree +-- bcrypt-pbkdf@1.0.0
64 silly idealTree | `-- tweetnacl@0.14.5
64 silly idealTree +-- boolbase@1.0.0
64 silly idealTree +-- boom@2.10.1
64 silly idealTree | `-- hoek@2.16.3
64 silly idealTree +-- brace-expansion@1.1.6
64 silly idealTree +-- braces@1.8.5
64 silly idealTree +-- browser-resolve@1.11.2
64 silly idealTree | `-- resolve@1.1.7
64 silly idealTree +-- bser@2.0.0
64 silly idealTree +-- buffer-shims@1.0.0
64 silly idealTree +-- builtin-modules@1.1.1
64 silly idealTree +-- caller-path@0.1.0
64 silly idealTree +-- callsites@0.2.0
64 silly idealTree +-- camelcase@1.2.1
64 silly idealTree +-- caseless@0.11.0
64 silly idealTree +-- center-align@0.1.3
64 silly idealTree +-- chalk@1.1.3
64 silly idealTree | +-- ansi-styles@2.2.1
64 silly idealTree | +-- escape-string-regexp@1.0.5
64 silly idealTree | +-- has-ansi@2.0.0
64 silly idealTree | +-- strip-ansi@3.0.1
64 silly idealTree | `-- supports-color@2.0.0
64 silly idealTree +-- charset@1.0.0
64 silly idealTree +-- cheerio@0.22.0
64 silly idealTree | +-- css-select@1.2.0
64 silly idealTree | | +-- boolbase@1.0.0
64 silly idealTree | | +-- css-what@2.1.0
64 silly idealTree | | +-- domutils@1.5.1
64 silly idealTree | | | +-- dom-serializer@0.1.0
64 silly idealTree | | | | +-- domelementtype@1.1.3
64 silly idealTree | | | | `-- entities@1.1.1
64 silly idealTree | | | `-- domelementtype@1.3.0
64 silly idealTree | | `-- nth-check@1.0.1
64 silly idealTree | |   `-- boolbase@1.0.0
64 silly idealTree | +-- dom-serializer@0.1.0
64 silly idealTree | +-- entities@1.1.1
64 silly idealTree | +-- htmlparser2@3.9.2
64 silly idealTree | | +-- domelementtype@1.3.0
64 silly idealTree | | +-- domhandler@2.3.0
64 silly idealTree | | | `-- domelementtype@1.3.0
64 silly idealTree | | +-- domutils@1.5.1
64 silly idealTree | | +-- entities@1.1.1
64 silly idealTree | | +-- inherits@2.0.3
64 silly idealTree | | `-- readable-stream@2.2.2
64 silly idealTree | |   +-- buffer-shims@1.0.0
64 silly idealTree | |   +-- core-util-is@1.0.2
64 silly idealTree | |   +-- inherits@2.0.3
64 silly idealTree | |   +-- isarray@1.0.0
64 silly idealTree | |   +-- process-nextick-args@1.0.7
64 silly idealTree | |   +-- string_decoder@0.10.31
64 silly idealTree | |   `-- util-deprecate@1.0.2
64 silly idealTree | +-- lodash.assignin@4.2.0
64 silly idealTree | +-- lodash.bind@4.2.1
64 silly idealTree | +-- lodash.defaults@4.2.0
64 silly idealTree | +-- lodash.filter@4.6.0
64 silly idealTree | +-- lodash.flatten@4.4.0
64 silly idealTree | +-- lodash.foreach@4.5.0
64 silly idealTree | +-- lodash.map@4.6.0
64 silly idealTree | +-- lodash.merge@4.6.0
64 silly idealTree | +-- lodash.pick@4.4.0
64 silly idealTree | +-- lodash.reduce@4.6.0
64 silly idealTree | +-- lodash.reject@4.6.0
64 silly idealTree | `-- lodash.some@4.6.0
64 silly idealTree +-- ci-info@1.0.0
64 silly idealTree +-- circular-json@0.3.1
64 silly idealTree +-- cli-cursor@1.0.2
64 silly idealTree +-- cli-width@2.1.0
64 silly idealTree +-- cliui@2.1.0
64 silly idealTree | `-- wordwrap@0.0.2
64 silly idealTree +-- co@4.6.0
64 silly idealTree +-- code-point-at@1.1.0
64 silly idealTree +-- color-convert@1.9.0
64 silly idealTree +-- color-name@1.1.2
64 silly idealTree +-- combined-stream@1.0.5
64 silly idealTree | `-- delayed-stream@1.0.0
64 silly idealTree +-- commander@2.9.0
64 silly idealTree | `-- graceful-readlink@1.0.1
64 silly idealTree +-- concat-map@0.0.1
64 silly idealTree +-- concat-stream@1.6.0
64 silly idealTree +-- contains-path@0.1.0
64 silly idealTree +-- content-type-parser@1.0.1
64 silly idealTree +-- convert-source-map@1.4.0
64 silly idealTree +-- core-js@2.4.1
64 silly idealTree +-- core-util-is@1.0.2
64 silly idealTree +-- cryptiles@2.0.5
64 silly idealTree | `-- boom@2.10.1
64 silly idealTree +-- css-select@1.2.0
64 silly idealTree +-- css-what@2.1.0
64 silly idealTree +-- cssom@0.3.2
64 silly idealTree +-- cssstyle@0.2.37
64 silly idealTree +-- d@0.1.1
64 silly idealTree +-- dashdash@1.14.1
64 silly idealTree | `-- assert-plus@1.0.0
64 silly idealTree +-- debug@2.6.1
64 silly idealTree +-- decamelize@1.2.0
64 silly idealTree +-- deep-is@0.1.3
64 silly idealTree +-- default-require-extensions@1.0.0
64 silly idealTree | `-- strip-bom@2.0.0
64 silly idealTree +-- del@2.2.2
64 silly idealTree +-- delayed-stream@1.0.0
64 silly idealTree +-- detect-indent@4.0.0
64 silly idealTree +-- diff@3.2.0
64 silly idealTree +-- doctrine@1.5.0
64 silly idealTree +-- dom-serializer@0.1.0
64 silly idealTree +-- domelementtype@1.3.0
64 silly idealTree +-- domhandler@2.3.0
64 silly idealTree +-- domutils@1.5.1
64 silly idealTree +-- ecc-jsbn@0.1.1
64 silly idealTree | `-- jsbn@0.1.0
64 silly idealTree +-- entities@1.1.1
64 silly idealTree +-- errno@0.1.4
64 silly idealTree +-- error-ex@1.3.1
64 silly idealTree +-- es5-ext@0.10.12
64 silly idealTree +-- es6-iterator@2.0.0
64 silly idealTree +-- es6-map@0.1.4
64 silly idealTree +-- es6-set@0.1.4
64 silly idealTree +-- es6-symbol@3.1.0
64 silly idealTree +-- es6-weak-map@2.0.1
64 silly idealTree +-- escape-string-regexp@1.0.5
64 silly idealTree +-- escodegen@1.8.1
64 silly idealTree | +-- esprima@2.7.3
64 silly idealTree | +-- estraverse@1.9.3
64 silly idealTree | `-- source-map@0.2.0
64 silly idealTree +-- escope@3.6.0
64 silly idealTree +-- eslint-config-airbnb-base@11.1.0
64 silly idealTree +-- eslint-config-standard@6.2.1
64 silly idealTree +-- eslint-import-resolver-node@0.2.3
64 silly idealTree +-- eslint-module-utils@2.0.0
64 silly idealTree | +-- debug@2.2.0
64 silly idealTree | `-- ms@0.7.1
64 silly idealTree +-- eslint-plugin-import@2.2.0
64 silly idealTree +-- eslint-plugin-promise@3.4.1
64 silly idealTree +-- eslint-plugin-standard@2.0.1
64 silly idealTree +-- eslint@3.15.0
64 silly idealTree +-- espree@3.4.0
64 silly idealTree +-- esprima@3.1.3
64 silly idealTree +-- esrecurse@4.1.0
64 silly idealTree | `-- estraverse@4.1.1
64 silly idealTree +-- estraverse@4.2.0
64 silly idealTree +-- esutils@2.0.2
64 silly idealTree +-- event-emitter@0.3.4
64 silly idealTree +-- exec-sh@0.2.0
64 silly idealTree +-- exit-hook@1.1.1
64 silly idealTree +-- expand-brackets@0.1.5
64 silly idealTree +-- expand-range@1.8.2
64 silly idealTree +-- extend@3.0.0
64 silly idealTree +-- extglob@0.3.2
64 silly idealTree +-- extsprintf@1.0.2
64 silly idealTree +-- fast-levenshtein@2.0.6
64 silly idealTree +-- fb-watchman@2.0.0
64 silly idealTree +-- figures@1.7.0
64 silly idealTree +-- file-entry-cache@2.0.0
64 silly idealTree +-- filename-regex@2.0.0
64 silly idealTree +-- fileset@2.0.3
64 silly idealTree +-- fill-range@2.2.3
64 silly idealTree +-- find-up@1.1.2
64 silly idealTree +-- flat-cache@1.2.2
64 silly idealTree +-- for-in@1.0.2
64 silly idealTree +-- for-own@0.1.5
64 silly idealTree +-- forever-agent@0.6.1
64 silly idealTree +-- form-data@2.1.2
64 silly idealTree | +-- asynckit@0.4.0
64 silly idealTree | +-- combined-stream@1.0.5
64 silly idealTree | `-- mime-types@2.1.13
64 silly idealTree |   `-- mime-db@1.25.0
64 silly idealTree +-- fs-extra@2.0.0
64 silly idealTree +-- fs.realpath@1.0.0
64 silly idealTree +-- function-bind@1.1.0
64 silly idealTree +-- generate-function@2.0.0
64 silly idealTree +-- generate-object-property@1.2.0
64 silly idealTree | `-- is-property@1.0.2
64 silly idealTree +-- get-caller-file@1.0.2
64 silly idealTree +-- getpass@0.1.6
64 silly idealTree | `-- assert-plus@1.0.0
64 silly idealTree +-- glob-base@0.3.0
64 silly idealTree +-- glob-parent@2.0.0
64 silly idealTree +-- glob@7.1.1
64 silly idealTree +-- globals@9.14.0
64 silly idealTree +-- globby@5.0.0
64 silly idealTree +-- graceful-fs@4.1.11
64 silly idealTree +-- graceful-readlink@1.0.1
64 silly idealTree +-- growly@1.3.0
64 silly idealTree +-- handlebars@4.0.6
64 silly idealTree | +-- async@1.5.2
64 silly idealTree | `-- source-map@0.4.4
64 silly idealTree +-- har-validator@2.0.6
64 silly idealTree | +-- chalk@1.1.3
64 silly idealTree | +-- commander@2.9.0
64 silly idealTree | +-- is-my-json-valid@2.15.0
64 silly idealTree | | +-- generate-function@2.0.0
64 silly idealTree | | +-- generate-object-property@1.2.0
64 silly idealTree | | +-- jsonpointer@4.0.1
64 silly idealTree | | `-- xtend@4.0.1
64 silly idealTree | `-- pinkie-promise@2.0.1
64 silly idealTree |   `-- pinkie@2.0.4
64 silly idealTree +-- has-ansi@2.0.0
64 silly idealTree +-- has-flag@1.0.0
64 silly idealTree +-- has@1.0.1
64 silly idealTree +-- hawk@3.1.3
64 silly idealTree | +-- boom@2.10.1
64 silly idealTree | +-- cryptiles@2.0.5
64 silly idealTree | +-- hoek@2.16.3
64 silly idealTree | `-- sntp@1.0.9
64 silly idealTree |   `-- hoek@2.16.3
64 silly idealTree +-- hoek@2.16.3
64 silly idealTree +-- home-or-tmp@2.0.0
64 silly idealTree +-- hosted-git-info@2.2.0
64 silly idealTree +-- html-encoding-sniffer@1.0.1
64 silly idealTree +-- htmlparser2@3.9.2
64 silly idealTree +-- http-signature@1.1.1
64 silly idealTree | +-- assert-plus@0.2.0
64 silly idealTree | +-- jsprim@1.3.1
64 silly idealTree | | +-- extsprintf@1.0.2
64 silly idealTree | | +-- json-schema@0.2.3
64 silly idealTree | | `-- verror@1.3.6
64 silly idealTree | |   `-- extsprintf@1.0.2
64 silly idealTree | `-- sshpk@1.10.1
64 silly idealTree |   +-- asn1@0.2.3
64 silly idealTree |   +-- assert-plus@1.0.0
64 silly idealTree |   +-- bcrypt-pbkdf@1.0.0
64 silly idealTree |   +-- dashdash@1.14.1
64 silly idealTree |   +-- ecc-jsbn@0.1.1
64 silly idealTree |   +-- getpass@0.1.6
64 silly idealTree |   +-- jodid25519@1.0.2
64 silly idealTree |   | `-- jsbn@0.1.0
64 silly idealTree |   +-- jsbn@0.1.0
64 silly idealTree |   `-- tweetnacl@0.14.5
64 silly idealTree +-- iconv-lite@0.4.15
64 silly idealTree +-- ignore@3.2.2
64 silly idealTree +-- imurmurhash@0.1.4
64 silly idealTree +-- inflight@1.0.6
64 silly idealTree +-- inherits@2.0.3
64 silly idealTree +-- inquirer@0.12.0
64 silly idealTree +-- interpret@1.0.1
64 silly idealTree +-- invariant@2.2.2
64 silly idealTree +-- invert-kv@1.0.0
64 silly idealTree +-- is-arrayish@0.2.1
64 silly idealTree +-- is-buffer@1.1.5
64 silly idealTree +-- is-builtin-module@1.0.0
64 silly idealTree +-- is-ci@1.0.10
64 silly idealTree +-- is-dotfile@1.0.2
64 silly idealTree +-- is-equal-shallow@0.1.3
64 silly idealTree +-- is-extendable@0.1.1
64 silly idealTree +-- is-extglob@1.0.0
64 silly idealTree +-- is-finite@1.0.2
64 silly idealTree +-- is-fullwidth-code-point@1.0.0
64 silly idealTree +-- is-glob@2.0.1
64 silly idealTree +-- is-my-json-valid@2.15.0
64 silly idealTree +-- is-number@2.1.0
64 silly idealTree +-- is-path-cwd@1.0.0
64 silly idealTree +-- is-path-in-cwd@1.0.0
64 silly idealTree +-- is-path-inside@1.0.0
64 silly idealTree +-- is-posix-bracket@0.1.1
64 silly idealTree +-- is-primitive@2.0.0
64 silly idealTree +-- is-property@1.0.2
64 silly idealTree +-- is-resolvable@1.0.0
64 silly idealTree +-- is-typedarray@1.0.0
64 silly idealTree +-- is-utf8@0.2.1
64 silly idealTree +-- isarray@1.0.0
64 silly idealTree +-- isexe@1.1.2
64 silly idealTree +-- isobject@2.1.0
64 silly idealTree +-- isstream@0.1.2
64 silly idealTree +-- istanbul-api@1.1.1
64 silly idealTree +-- istanbul-lib-coverage@1.0.1
64 silly idealTree +-- istanbul-lib-hook@1.0.0
64 silly idealTree +-- istanbul-lib-instrument@1.4.2
64 silly idealTree +-- istanbul-lib-report@1.0.0-alpha.3
64 silly idealTree | +-- async@1.5.2
64 silly idealTree | `-- supports-color@3.2.3
64 silly idealTree +-- istanbul-lib-source-maps@1.1.0
64 silly idealTree +-- istanbul-reports@1.0.1
64 silly idealTree +-- jest-changed-files@19.0.2
64 silly idealTree +-- jest-config@19.0.2
64 silly idealTree +-- jest-diff@19.0.0
64 silly idealTree +-- jest-environment-jsdom@19.0.2
64 silly idealTree +-- jest-environment-node@19.0.2
64 silly idealTree +-- jest-file-exists@19.0.0
64 silly idealTree +-- jest-haste-map@19.0.0
64 silly idealTree +-- jest-jasmine2@19.0.2
64 silly idealTree +-- jest-matcher-utils@19.0.0
64 silly idealTree +-- jest-matchers@19.0.0
64 silly idealTree +-- jest-message-util@19.0.0
64 silly idealTree +-- jest-mock@19.0.0
64 silly idealTree +-- jest-regex-util@19.0.0
64 silly idealTree +-- jest-resolve-dependencies@19.0.0
64 silly idealTree +-- jest-resolve@19.0.2
64 silly idealTree +-- jest-runtime@19.0.2
64 silly idealTree +-- jest-snapshot@19.0.2
64 silly idealTree +-- jest-util@19.0.2
64 silly idealTree +-- jest-validate@19.0.2
64 silly idealTree +-- jest@19.0.2
64 silly idealTree | +-- callsites@2.0.0
64 silly idealTree | `-- jest-cli@19.0.2
64 silly idealTree +-- jodid25519@1.0.2
64 silly idealTree +-- js-tokens@3.0.1
64 silly idealTree +-- js-yaml@3.8.1
64 silly idealTree +-- jsbn@0.1.0
64 silly idealTree +-- jsdom@9.12.0
64 silly idealTree +-- jsesc@1.3.0
64 silly idealTree +-- json-schema@0.2.3
64 silly idealTree +-- json-stable-stringify@1.0.1
64 silly idealTree +-- json-stringify-safe@5.0.1
64 silly idealTree +-- json5@0.5.1
64 silly idealTree +-- jsonfile@2.4.0
64 silly idealTree +-- jsonify@0.0.0
64 silly idealTree +-- jsonpointer@4.0.1
64 silly idealTree +-- jsprim@1.3.1
64 silly idealTree +-- kind-of@3.1.0
64 silly idealTree +-- lazy-cache@1.0.4
64 silly idealTree +-- lcid@1.0.0
64 silly idealTree +-- leven@2.1.0
64 silly idealTree +-- levn@0.3.0
64 silly idealTree +-- load-json-file@1.1.0
64 silly idealTree | `-- strip-bom@2.0.0
64 silly idealTree +-- locate-path@2.0.0
64 silly idealTree | `-- path-exists@3.0.0
64 silly idealTree +-- lodash.assignin@4.2.0
64 silly idealTree +-- lodash.bind@4.2.1
64 silly idealTree +-- lodash.cond@4.5.2
64 silly idealTree +-- lodash.defaults@4.2.0
64 silly idealTree +-- lodash.filter@4.6.0
64 silly idealTree +-- lodash.flatten@4.4.0
64 silly idealTree +-- lodash.foreach@4.5.0
64 silly idealTree +-- lodash.map@4.6.0
64 silly idealTree +-- lodash.merge@4.6.0
64 silly idealTree +-- lodash.pick@4.4.0
64 silly idealTree +-- lodash.reduce@4.6.0
64 silly idealTree +-- lodash.reject@4.6.0
64 silly idealTree +-- lodash.some@4.6.0
64 silly idealTree +-- lodash@4.17.4
64 silly idealTree +-- longest@1.0.1
64 silly idealTree +-- loose-envify@1.3.1
64 silly idealTree +-- makeerror@1.0.11
64 silly idealTree +-- memwatch@0.2.2
64 silly idealTree +-- merge@1.2.0
64 silly idealTree +-- micromatch@2.3.11
64 silly idealTree +-- mime-db@1.25.0
64 silly idealTree +-- mime-types@2.1.13
64 silly idealTree +-- minimatch@3.0.3
64 silly idealTree +-- minimist@0.0.8
64 silly idealTree +-- mkdirp@0.5.1
64 silly idealTree +-- ms@0.7.2
64 silly idealTree +-- mute-stream@0.0.5
64 silly idealTree +-- natural-compare@1.4.0
64 silly idealTree +-- node-int64@0.4.0
64 silly idealTree +-- node-notifier@5.0.2
64 silly idealTree +-- normalize-package-data@2.3.6
64 silly idealTree +-- normalize-path@2.0.1
64 silly idealTree +-- nth-check@1.0.1
64 silly idealTree +-- number-is-nan@1.0.1
64 silly idealTree +-- nwmatcher@1.3.9
64 silly idealTree +-- oauth-sign@0.8.2
64 silly idealTree +-- object-assign@4.1.1
64 silly idealTree +-- object.omit@2.0.1
64 silly idealTree +-- once@1.4.0
64 silly idealTree +-- onetime@1.1.0
64 silly idealTree +-- optimist@0.6.1
64 silly idealTree | `-- wordwrap@0.0.3
64 silly idealTree +-- optionator@0.8.2
64 silly idealTree +-- os-homedir@1.0.2
64 silly idealTree +-- os-locale@1.4.0
64 silly idealTree +-- os-tmpdir@1.0.2
64 silly idealTree +-- p-limit@1.1.0
64 silly idealTree +-- p-locate@2.0.0
64 silly idealTree +-- parse-glob@3.0.4
64 silly idealTree +-- parse-json@2.2.0
64 silly idealTree +-- parse5@1.5.1
64 silly idealTree +-- path-exists@2.1.0
64 silly idealTree +-- path-is-absolute@1.0.1
64 silly idealTree +-- path-is-inside@1.0.2
64 silly idealTree +-- path-parse@1.0.5
64 silly idealTree +-- path-type@1.1.0
64 silly idealTree +-- pify@2.3.0
64 silly idealTree +-- pinkie-promise@2.0.1
64 silly idealTree +-- pinkie@2.0.4
64 silly idealTree +-- pkg-dir@1.0.0
64 silly idealTree +-- pkg-up@1.0.0
64 silly idealTree +-- pluralize@1.2.1
64 silly idealTree +-- prelude-ls@1.1.2
64 silly idealTree +-- preserve@0.2.0
64 silly idealTree +-- pretty-format@19.0.0
64 silly idealTree | `-- ansi-styles@3.0.0
64 silly idealTree +-- private@0.1.7
64 silly idealTree +-- process-nextick-args@1.0.7
64 silly idealTree +-- progress@1.1.8
64 silly idealTree +-- prr@0.0.0
64 silly idealTree +-- punycode@1.4.1
64 silly idealTree +-- qs@6.3.0
64 silly idealTree +-- randomatic@1.1.6
64 silly idealTree +-- read-pkg-up@1.0.1
64 silly idealTree +-- read-pkg@1.1.0
64 silly idealTree +-- readable-stream@2.2.2
64 silly idealTree +-- readline2@1.0.1
64 silly idealTree +-- rechoir@0.6.2
64 silly idealTree +-- regenerator-runtime@0.10.1
64 silly idealTree +-- regex-cache@0.4.3
64 silly idealTree +-- repeat-element@1.1.2
64 silly idealTree +-- repeat-string@1.6.1
64 silly idealTree +-- repeating@2.0.1
64 silly idealTree +-- request@2.79.0
64 silly idealTree | +-- aws-sign2@0.6.0
64 silly idealTree | +-- aws4@1.5.0
64 silly idealTree | +-- caseless@0.11.0
64 silly idealTree | +-- combined-stream@1.0.5
64 silly idealTree | +-- extend@3.0.0
64 silly idealTree | +-- forever-agent@0.6.1
64 silly idealTree | +-- form-data@2.1.2
64 silly idealTree | +-- har-validator@2.0.6
64 silly idealTree | +-- hawk@3.1.3
64 silly idealTree | +-- http-signature@1.1.1
64 silly idealTree | +-- is-typedarray@1.0.0
64 silly idealTree | +-- isstream@0.1.2
64 silly idealTree | +-- json-stringify-safe@5.0.1
64 silly idealTree | +-- mime-types@2.1.13
64 silly idealTree | +-- oauth-sign@0.8.2
64 silly idealTree | +-- qs@6.3.0
64 silly idealTree | +-- stringstream@0.0.5
64 silly idealTree | +-- tough-cookie@2.3.2
64 silly idealTree | | `-- punycode@1.4.1
64 silly idealTree | +-- tunnel-agent@0.4.3
64 silly idealTree | `-- uuid@3.0.1
64 silly idealTree +-- require-directory@2.1.1
64 silly idealTree +-- require-main-filename@1.0.1
64 silly idealTree +-- require-uncached@1.0.3
64 silly idealTree +-- resolve-from@1.0.1
64 silly idealTree +-- resolve@1.2.0
64 silly idealTree +-- restore-cursor@1.0.1
64 silly idealTree +-- right-align@0.1.3
64 silly idealTree +-- rimraf@2.5.4
64 silly idealTree +-- run-async@0.1.0
64 silly idealTree +-- rx-lite@3.1.2
64 silly idealTree +-- sane@1.5.0
64 silly idealTree | +-- bser@1.0.2
64 silly idealTree | +-- fb-watchman@1.9.2
64 silly idealTree | `-- minimist@1.2.0
64 silly idealTree +-- sax@1.2.2
64 silly idealTree +-- semver@5.3.0
64 silly idealTree +-- set-blocking@2.0.0
64 silly idealTree +-- shelljs@0.7.6
64 silly idealTree +-- shellwords@0.1.0
64 silly idealTree +-- slash@1.0.0
64 silly idealTree +-- slice-ansi@0.0.4
64 silly idealTree +-- sntp@1.0.9
64 silly idealTree +-- source-map-support@0.4.13
64 silly idealTree +-- source-map@0.5.6
64 silly idealTree +-- spdx-correct@1.0.2
64 silly idealTree +-- spdx-expression-parse@1.0.4
64 silly idealTree +-- spdx-license-ids@1.2.2
64 silly idealTree +-- sprintf-js@1.0.3
64 silly idealTree +-- sshpk@1.10.1
64 silly idealTree +-- string_decoder@0.10.31
64 silly idealTree +-- string-length@1.0.1
64 silly idealTree +-- string-width@1.0.2
64 silly idealTree +-- stringstream@0.0.5
64 silly idealTree +-- strip-ansi@3.0.1
64 silly idealTree +-- strip-bom@3.0.0
64 silly idealTree +-- strip-json-comments@2.0.1
64 silly idealTree +-- supports-color@2.0.0
64 silly idealTree +-- symbol-tree@3.2.2
64 silly idealTree +-- table@3.8.3
64 silly idealTree | +-- is-fullwidth-code-point@2.0.0
64 silly idealTree | `-- string-width@2.0.0
64 silly idealTree +-- test-exclude@4.0.0
64 silly idealTree +-- text-table@0.2.0
64 silly idealTree +-- throat@3.0.0
64 silly idealTree +-- through@2.3.8
64 silly idealTree +-- tmpl@1.0.4
64 silly idealTree +-- to-fast-properties@1.0.2
64 silly idealTree +-- tough-cookie@2.3.2
64 silly idealTree +-- tr46@0.0.3
64 silly idealTree +-- trim-right@1.0.1
64 silly idealTree +-- tryit@1.0.3
64 silly idealTree +-- tunnel-agent@0.4.3
64 silly idealTree +-- tweetnacl@0.14.5
64 silly idealTree +-- type-check@0.3.2
64 silly idealTree +-- typedarray@0.0.6
64 silly idealTree +-- uglify-js@2.8.12
64 silly idealTree | `-- yargs@3.10.0
64 silly idealTree +-- uglify-to-browserify@1.0.2
64 silly idealTree +-- user-home@2.0.0
64 silly idealTree +-- util-deprecate@1.0.2
64 silly idealTree +-- uuid@3.0.1
64 silly idealTree +-- validate-npm-package-license@3.0.1
64 silly idealTree +-- verror@1.3.6
64 silly idealTree +-- walker@1.0.7
64 silly idealTree +-- watch@0.10.0
64 silly idealTree +-- webidl-conversions@4.0.1
64 silly idealTree +-- whatwg-encoding@1.0.1
64 silly idealTree | `-- iconv-lite@0.4.13
64 silly idealTree +-- whatwg-url@4.6.0
64 silly idealTree | `-- webidl-conversions@3.0.1
64 silly idealTree +-- which-module@1.0.0
64 silly idealTree +-- which@1.2.12
64 silly idealTree +-- window-size@0.1.0
64 silly idealTree +-- wordwrap@1.0.0
64 silly idealTree +-- worker-farm@1.3.1
64 silly idealTree +-- wrap-ansi@2.1.0
64 silly idealTree +-- wrappy@1.0.2
64 silly idealTree +-- write@0.2.1
64 silly idealTree +-- xml-name-validator@2.0.1
64 silly idealTree +-- xtend@4.0.1
64 silly idealTree +-- y18n@3.2.1
64 silly idealTree +-- yargs-parser@4.2.1
64 silly idealTree | `-- camelcase@3.0.0
64 silly idealTree `-- yargs@6.6.0
64 silly idealTree   +-- camelcase@3.0.0
64 silly idealTree   `-- cliui@3.2.0
65 silly generateActionsToTake Starting
66 silly install generateActionsToTake
67 silly generateActionsToTake Finishing
68 silly diffTrees action count 1
69 silly diffTrees add memwatch@0.2.2
70 silly decomposeActions action count 8
71 silly decomposeActions fetch memwatch@0.2.2
72 silly decomposeActions extract memwatch@0.2.2
73 silly decomposeActions test memwatch@0.2.2
74 silly decomposeActions preinstall memwatch@0.2.2
75 silly decomposeActions build memwatch@0.2.2
76 silly decomposeActions install memwatch@0.2.2
77 silly decomposeActions postinstall memwatch@0.2.2
78 silly decomposeActions finalize memwatch@0.2.2
79 silly runTopLevelLifecycles Starting
80 silly executeActions Starting
81 silly install executeActions
82 silly doSerial global-install 0
83 silly doParallel fetch 1
84 verbose correctMkdir C:\Users\ben\AppData\Roaming\npm-cache\_locks correctMkdir not in flight; initializing
85 verbose lock using C:\Users\ben\AppData\Roaming\npm-cache\_locks\staging-f831ccc1f65fc691.lock for D:\W\NodeSpider\node_modules\.staging
86 silly doParallel extract 1
87 silly extract memwatch@0.2.2
88 verbose unbuild node_modules\.staging\memwatch-ddd004ad
89 silly gentlyRm D:\W\NodeSpider\node_modules\.staging\memwatch-ddd004ad is being purged from base D:\W\NodeSpider
90 verbose gentlyRm don't care about contents; nuking D:\W\NodeSpider\node_modules\.staging\memwatch-ddd004ad
91 verbose tar unpack C:\Users\ben\AppData\Roaming\npm-cache\memwatch\0.2.2\package.tgz
92 verbose tar unpacking to D:\W\NodeSpider\node_modules\.staging\memwatch-ddd004ad
93 silly gentlyRm D:\W\NodeSpider\node_modules\.staging\memwatch-ddd004ad is being purged
94 verbose gentlyRm don't care about contents; nuking D:\W\NodeSpider\node_modules\.staging\memwatch-ddd004ad
95 silly gunzTarPerm modes [ '777', '666' ]
96 silly gunzTarPerm extractEntry package.json
97 silly gunzTarPerm modified mode [ 'package.json', 420, 438 ]
98 silly gunzTarPerm extractEntry .npmignore
99 silly gunzTarPerm modified mode [ '.npmignore', 420, 438 ]
100 silly gunzTarPerm extractEntry README.md
101 silly gunzTarPerm modified mode [ 'README.md', 420, 438 ]
102 silly gunzTarPerm extractEntry tests.js
103 silly gunzTarPerm modified mode [ 'tests.js', 420, 438 ]
104 silly gunzTarPerm extractEntry foo.js
105 silly gunzTarPerm modified mode [ 'foo.js', 420, 438 ]
106 silly gunzTarPerm extractEntry include.js
107 silly gunzTarPerm modified mode [ 'include.js', 420, 438 ]
108 silly gunzTarPerm extractEntry .travis.yml
109 silly gunzTarPerm modified mode [ '.travis.yml', 420, 438 ]
110 silly gunzTarPerm extractEntry ChangeLog
111 silly gunzTarPerm modified mode [ 'ChangeLog', 420, 438 ]
112 silly gunzTarPerm extractEntry #wscript#
113 silly gunzTarPerm modified mode [ '#wscript#', 420, 438 ]
114 silly gunzTarPerm extractEntry binding.gyp
115 silly gunzTarPerm modified mode [ 'binding.gyp', 420, 438 ]
116 silly gunzTarPerm extractEntry src/heapdiff.cc
117 silly gunzTarPerm modified mode [ 'src/heapdiff.cc', 420, 438 ]
118 silly gunzTarPerm extractEntry src/heapdiff.hh
119 silly gunzTarPerm modified mode [ 'src/heapdiff.hh', 420, 438 ]
120 silly gunzTarPerm extractEntry src/init.cc
121 silly gunzTarPerm modified mode [ 'src/init.cc', 420, 438 ]
122 silly gunzTarPerm extractEntry src/memwatch.cc
123 silly gunzTarPerm modified mode [ 'src/memwatch.cc', 420, 438 ]
124 silly gunzTarPerm extractEntry src/memwatch.hh
125 silly gunzTarPerm modified mode [ 'src/memwatch.hh', 420, 438 ]
126 silly gunzTarPerm extractEntry src/platformcompat.hh
127 silly gunzTarPerm modified mode [ 'src/platformcompat.hh', 420, 438 ]
128 silly gunzTarPerm extractEntry src/util.cc
129 silly gunzTarPerm modified mode [ 'src/util.cc', 420, 438 ]
130 silly gunzTarPerm extractEntry src/util.hh
131 silly gunzTarPerm modified mode [ 'src/util.hh', 420, 438 ]
132 silly gunzTarPerm extractEntry examples/basic_heapdiff.js
133 silly gunzTarPerm modified mode [ 'examples/basic_heapdiff.js', 420, 438 ]
134 silly gunzTarPerm extractEntry examples/do_nothing_server.js
135 silly gunzTarPerm modified mode [ 'examples/do_nothing_server.js', 420, 438 ]
136 silly gunzTarPerm extractEntry examples/slightly_leaky.js
137 silly gunzTarPerm modified mode [ 'examples/slightly_leaky.js', 420, 438 ]
138 silly gentlyRm D:\W\NodeSpider\node_modules\.staging\memwatch-ddd004ad\node_modules is being purged
139 verbose gentlyRm don't care about contents; nuking D:\W\NodeSpider\node_modules\.staging\memwatch-ddd004ad\node_modules
140 silly doParallel preinstall 1
141 silly preinstall memwatch@0.2.2 D:\W\NodeSpider\node_modules\.staging\memwatch-ddd004ad
142 info lifecycle memwatch@0.2.2~preinstall: memwatch@0.2.2
143 silly lifecycle memwatch@0.2.2~preinstall: no script for preinstall, continuing
144 silly doReverseSerial remove 0
145 silly doSerial move 0
146 silly doSerial finalize 1
147 silly finalize D:\W\NodeSpider\node_modules\memwatch
148 silly doSerial build 1
149 silly build memwatch@0.2.2
150 info linkStuff memwatch@0.2.2
151 silly linkStuff memwatch@0.2.2 has D:\W\NodeSpider\node_modules as its parent node_modules
152 verbose linkBins memwatch@0.2.2
153 verbose linkMans memwatch@0.2.2
154 silly doSerial global-link 0
155 silly doParallel update-linked 0
156 silly doSerial install 1
157 silly install memwatch@0.2.2 D:\W\NodeSpider\node_modules\.staging\memwatch-ddd004ad
158 info lifecycle memwatch@0.2.2~install: memwatch@0.2.2
159 verbose lifecycle memwatch@0.2.2~install: unsafe-perm in lifecycle true
160 verbose lifecycle memwatch@0.2.2~install: PATH: E:\node\node_modules\npm\bin\node-gyp-bin;D:\W\NodeSpider\node_modules\memwatch\node_modules\.bin;D:\W\NodeSpider\node_modules\.bin;E:\Git\mingw64\bin;E:\Git\usr\bin;C:\Users\ben\bin;C:\Program Files (x86)\Intel\iCLS Client;C:\Program Files\Intel\iCLS Client;C:\Windows\system32;C:\Windows;C:\Windows\System32\Wbem;C:\Windows\System32\WindowsPowerShell\v1.0;C:\Program Files (x86)\Intel\Intel(R) Management Engine Components\DAL;C:\Program Files\Intel\Intel(R) Management Engine Components\DAL;C:\Program Files (x86)\Intel\Intel(R) Management Engine Components\IPT;C:\Program Files\Intel\Intel(R) Management Engine Components\IPT;C:\Program Files (x86)\NVIDIA Corporation\PhysX\Common;C:\Windows\system32;C:\Windows;C:\Windows\System32\Wbem;C:\Windows\System32\WindowsPowerShell\v1.0;E:\Git\cmd;E:\mingw\bin;E:\calibre;E:\node;C:\Users\ben\AppData\Local\Microsoft\WindowsApps;E:\Bandizip\7z;C:\Users\ben\AppData\Local\atom\bin;E:\Microsoft VS Code\bin;E:\jdk\bin;E:\jdk\jre\bin;E:\android_sdk\platform-tools;E:\android_sdk\tools;C:\Users\ben\AppData\Roaming\npm
161 verbose lifecycle memwatch@0.2.2~install: CWD: D:\W\NodeSpider\node_modules\memwatch
162 silly lifecycle memwatch@0.2.2~install: Args: [ '/d /s /c', 'node-gyp rebuild' ]
163 silly lifecycle memwatch@0.2.2~install: Returned: code: 1  signal: null
164 info lifecycle memwatch@0.2.2~install: Failed to exec install script
165 verbose unlock done using C:\Users\ben\AppData\Roaming\npm-cache\_locks\staging-f831ccc1f65fc691.lock for D:\W\NodeSpider\node_modules\.staging
166 silly rollbackFailedOptional Starting
167 silly rollbackFailedOptional Finishing
168 silly runTopLevelLifecycles Finishing
169 silly install printInstalled
170 verbose stack Error: memwatch@0.2.2 install: `node-gyp rebuild`
170 verbose stack Exit status 1
170 verbose stack     at EventEmitter.<anonymous> (E:\node\node_modules\npm\lib\utils\lifecycle.js:255:16)
170 verbose stack     at emitTwo (events.js:106:13)
170 verbose stack     at EventEmitter.emit (events.js:191:7)
170 verbose stack     at ChildProcess.<anonymous> (E:\node\node_modules\npm\lib\utils\spawn.js:40:14)
170 verbose stack     at emitTwo (events.js:106:13)
170 verbose stack     at ChildProcess.emit (events.js:191:7)
170 verbose stack     at maybeClose (internal/child_process.js:886:16)
170 verbose stack     at Process.ChildProcess._handle.onexit (internal/child_process.js:226:5)
171 verbose pkgid memwatch@0.2.2
172 verbose cwd D:\W\NodeSpider
173 error Windows_NT 10.0.14393
174 error argv "E:\\node\\node.exe" "E:\\node\\node_modules\\npm\\bin\\npm-cli.js" "install" "memwatch"
175 error node v6.10.1
176 error npm  v3.10.10
177 error code ELIFECYCLE
178 error memwatch@0.2.2 install: `node-gyp rebuild`
178 error Exit status 1
179 error Failed at the memwatch@0.2.2 install script 'node-gyp rebuild'.
179 error Make sure you have the latest version of node.js and npm installed.
179 error If you do, this is most likely a problem with the memwatch package,
179 error not with npm itself.
179 error Tell the author that this fails on your system:
179 error     node-gyp rebuild
179 error You can get information on how to open an issue for this project with:
179 error     npm bugs memwatch
179 error Or if that isn't available, you can get their info via:
179 error     npm owner ls memwatch
179 error There is likely additional logging output above.
180 verbose exit [ 1, true ]
